<?xml version="1.0" encoding="UTF-8"?>
<testsuite xmlns:xsi="http://www.w3.org/2001/XMLSchema-instance" xsi:schemaLocation="https://maven.apache.org/surefire/maven-surefire-plugin/xsd/surefire-test-report.xsd" name="com.tri.selenium.welcome.HelloIT" time="26.047" tests="1" errors="1" skipped="0" failures="0">
  <properties>
[...]
</properties>
  <testcase name="testHelloWorld" classname="com.tri.selenium.welcome.HelloIT" time="1.375">
    <error message="Unable to locate element: {&quot;method&quot;:&quot;id&quot;,&quot;selector&quot;:&quot;title&quot;}&#10;Command duration or timeout: 15 milliseconds&#10;For documentation on this error, please visit: http://seleniumhq.org/exceptions/no_such_element.html&#10;Build info: version: &apos;2.46.0&apos;, revision: &apos;61506a4624b13675f24581e453592342b7485d71&apos;, time: &apos;2015-06-04 10:22:50&apos;&#10;System info: host: &apos;CHOEL-SYSTEM&apos;, ip: &apos;192.168.0.101&apos;, os.name: &apos;Windows XP&apos;, os.arch: &apos;x86&apos;, os.version: &apos;5.1&apos;, java.version: &apos;1.7.0_80&apos;&#10;*** Element info: {Using=id, value=title}&#10;Session ID: 64dcef4b-2eea-42d2-991d-dd74192b8c50&#10;Driver info: org.openqa.selenium.firefox.FirefoxDriver&#10;Capabilities [{platform=WINDOWS, acceptSslCerts=true, javascriptEnabled=true, cssSelectorsEnabled=true, databaseEnabled=true, browserName=firefox, handlesAlerts=true, nativeEvents=true, webStorageEnabled=true, rotatable=false, locationContextEnabled=true, applicationCacheEnabled=true, takesScreenshot=true, version=31.0}]" type="org.openqa.selenium.NoSuchElementException">org.openqa.selenium.NoSuchElementException: 
Unable to locate element: {"method":"id","selector":"title"}
Command duration or timeout: 15 milliseconds
For documentation on this error, please visit: http://seleniumhq.org/exceptions/no_such_element.html
Build info: version: '2.46.0', revision: '61506a4624b13675f24581e453592342b7485d71', time: '2015-06-04 10:22:50'
System info: host: 'CHOEL-SYSTEM', ip: '192.168.0.101', os.name: 'Windows XP', os.arch: 'x86', os.version: '5.1', java.version: '1.7.0_80'
*** Element info: {Using=id, value=title}
Session ID: 64dcef4b-2eea-42d2-991d-dd74192b8c50
Driver info: org.openqa.selenium.firefox.FirefoxDriver
Capabilities [{platform=WINDOWS, acceptSslCerts=true, javascriptEnabled=true, cssSelectorsEnabled=true, databaseEnabled=true, browserName=firefox, handlesAlerts=true, nativeEvents=true, webStorageEnabled=true, rotatable=false, locationContextEnabled=true, applicationCacheEnabled=true, takesScreenshot=true, version=31.0}]
	at com.tri.selenium.welcome.HelloIT.testHelloWorld(HelloIT.java:40)
Caused by: org.openqa.selenium.NoSuchElementException: 
Unable to locate element: {"method":"id","selector":"title"}
For documentation on this error, please visit: http://seleniumhq.org/exceptions/no_such_element.html
Build info: version: '2.46.0', revision: '61506a4624b13675f24581e453592342b7485d71', time: '2015-06-04 10:22:50'
System info: host: 'CHOEL-SYSTEM', ip: '192.168.0.101', os.name: 'Windows XP', os.arch: 'x86', os.version: '5.1', java.version: '1.7.0_80'
Driver info: driver.version: unknown
</error>
    <system-out><![CDATA[22:38:53.515 [main] DEBUG org.springframework.test.context.junit4.SpringJUnit4ClassRunner - SpringJUnit4ClassRunner constructor called with [class com.tri.selenium.welcome.HelloIT]
22:38:53.531 [main] DEBUG org.springframework.test.context.BootstrapUtils - Instantiating CacheAwareContextLoaderDelegate from class [org.springframework.test.context.cache.DefaultCacheAwareContextLoaderDelegate]
22:38:53.546 [main] DEBUG org.springframework.test.context.BootstrapUtils - Instantiating BootstrapContext using constructor [public org.springframework.test.context.support.DefaultBootstrapContext(java.lang.Class,org.springframework.test.context.CacheAwareContextLoaderDelegate)]
22:38:53.578 [main] DEBUG org.springframework.test.context.BootstrapUtils - Instantiating TestContextBootstrapper for test class [com.tri.selenium.welcome.HelloIT] from class [org.springframework.test.context.support.DefaultTestContextBootstrapper]
22:38:53.625 [main] DEBUG org.springframework.test.context.support.AbstractDelegatingSmartContextLoader - Delegating to GenericXmlContextLoader to process context configuration [ContextConfigurationAttributes@1ae74f5 declaringClass = 'com.tri.selenium.welcome.HelloIT', classes = '{}', locations = '{classpath:META-INF/spring/seleniumContext.xml}', inheritLocations = true, initializers = '{}', inheritInitializers = true, name = [null], contextLoaderClass = 'org.springframework.test.context.ContextLoader'].
22:38:53.625 [main] DEBUG org.springframework.test.context.support.ActiveProfilesUtils - Could not find an 'annotation declaring class' for annotation type [org.springframework.test.context.ActiveProfiles] and class [com.tri.selenium.welcome.HelloIT]
22:38:53.640 [main] DEBUG org.springframework.test.context.support.DefaultTestContextBootstrapper - @TestExecutionListeners is not present for class [com.tri.selenium.welcome.HelloIT]: using defaults.
22:38:53.656 [main] INFO org.springframework.test.context.support.DefaultTestContextBootstrapper - Loaded default TestExecutionListener class names from location [META-INF/spring.factories]: [org.springframework.test.context.web.ServletTestExecutionListener, org.springframework.test.context.support.DirtiesContextBeforeModesTestExecutionListener, org.springframework.test.context.support.DependencyInjectionTestExecutionListener, org.springframework.test.context.support.DirtiesContextTestExecutionListener, org.springframework.test.context.transaction.TransactionalTestExecutionListener, org.springframework.test.context.jdbc.SqlScriptsTestExecutionListener]
22:38:53.656 [main] INFO org.springframework.test.context.support.DefaultTestContextBootstrapper - Could not instantiate TestExecutionListener [org.springframework.test.context.web.ServletTestExecutionListener]. Specify custom listener classes or make the default listener classes (and their required dependencies) available. Offending class: [javax/servlet/ServletContext]
22:38:53.687 [main] INFO org.springframework.test.context.support.DefaultTestContextBootstrapper - Using TestExecutionListeners: [org.springframework.test.context.support.DirtiesContextBeforeModesTestExecutionListener@14c92a7, org.springframework.test.context.support.DependencyInjectionTestExecutionListener@3040c5, org.springframework.test.context.support.DirtiesContextTestExecutionListener@1ec459b, org.springframework.test.context.transaction.TransactionalTestExecutionListener@cdf450, org.springframework.test.context.jdbc.SqlScriptsTestExecutionListener@162b8ce]
22:38:53.687 [main] DEBUG org.springframework.test.annotation.ProfileValueUtils - Retrieved @ProfileValueSourceConfiguration [null] for test class [com.tri.selenium.welcome.HelloIT]
22:38:53.687 [main] DEBUG org.springframework.test.annotation.ProfileValueUtils - Retrieved ProfileValueSource type [class org.springframework.test.annotation.SystemProfileValueSource] for class [com.tri.selenium.welcome.HelloIT]
22:38:53.703 [main] DEBUG org.springframework.test.context.junit4.SpringJUnit4ClassRunner - SpringJUnit4ClassRunner constructor called with [class com.tri.selenium.welcome.HelloIT]
22:38:53.703 [main] DEBUG org.springframework.test.context.BootstrapUtils - Instantiating CacheAwareContextLoaderDelegate from class [org.springframework.test.context.cache.DefaultCacheAwareContextLoaderDelegate]
22:38:53.703 [main] DEBUG org.springframework.test.context.BootstrapUtils - Instantiating BootstrapContext using constructor [public org.springframework.test.context.support.DefaultBootstrapContext(java.lang.Class,org.springframework.test.context.CacheAwareContextLoaderDelegate)]
22:38:53.703 [main] DEBUG org.springframework.test.context.BootstrapUtils - Instantiating TestContextBootstrapper for test class [com.tri.selenium.welcome.HelloIT] from class [org.springframework.test.context.support.DefaultTestContextBootstrapper]
22:38:53.703 [main] DEBUG org.springframework.test.context.support.AbstractDelegatingSmartContextLoader - Delegating to GenericXmlContextLoader to process context configuration [ContextConfigurationAttributes@11ff1b8 declaringClass = 'com.tri.selenium.welcome.HelloIT', classes = '{}', locations = '{classpath:META-INF/spring/seleniumContext.xml}', inheritLocations = true, initializers = '{}', inheritInitializers = true, name = [null], contextLoaderClass = 'org.springframework.test.context.ContextLoader'].
22:38:53.703 [main] DEBUG org.springframework.test.context.support.ActiveProfilesUtils - Could not find an 'annotation declaring class' for annotation type [org.springframework.test.context.ActiveProfiles] and class [com.tri.selenium.welcome.HelloIT]
22:38:53.703 [main] DEBUG org.springframework.test.context.support.DefaultTestContextBootstrapper - @TestExecutionListeners is not present for class [com.tri.selenium.welcome.HelloIT]: using defaults.
22:38:53.718 [main] INFO org.springframework.test.context.support.DefaultTestContextBootstrapper - Loaded default TestExecutionListener class names from location [META-INF/spring.factories]: [org.springframework.test.context.web.ServletTestExecutionListener, org.springframework.test.context.support.DirtiesContextBeforeModesTestExecutionListener, org.springframework.test.context.support.DependencyInjectionTestExecutionListener, org.springframework.test.context.support.DirtiesContextTestExecutionListener, org.springframework.test.context.transaction.TransactionalTestExecutionListener, org.springframework.test.context.jdbc.SqlScriptsTestExecutionListener]
22:38:53.718 [main] INFO org.springframework.test.context.support.DefaultTestContextBootstrapper - Could not instantiate TestExecutionListener [org.springframework.test.context.web.ServletTestExecutionListener]. Specify custom listener classes or make the default listener classes (and their required dependencies) available. Offending class: [javax/servlet/ServletContext]
22:38:53.718 [main] INFO org.springframework.test.context.support.DefaultTestContextBootstrapper - Using TestExecutionListeners: [org.springframework.test.context.support.DirtiesContextBeforeModesTestExecutionListener@113722b, org.springframework.test.context.support.DependencyInjectionTestExecutionListener@1ac9cff, org.springframework.test.context.support.DirtiesContextTestExecutionListener@177357d, org.springframework.test.context.transaction.TransactionalTestExecutionListener@158c52c, org.springframework.test.context.jdbc.SqlScriptsTestExecutionListener@f8d6a6]
22:38:53.718 [main] DEBUG org.springframework.test.annotation.ProfileValueUtils - Retrieved @ProfileValueSourceConfiguration [null] for test class [com.tri.selenium.welcome.HelloIT]
22:38:53.718 [main] DEBUG org.springframework.test.annotation.ProfileValueUtils - Retrieved ProfileValueSource type [class org.springframework.test.annotation.SystemProfileValueSource] for class [com.tri.selenium.welcome.HelloIT]
22:38:53.718 [main] DEBUG org.springframework.test.annotation.ProfileValueUtils - Retrieved @ProfileValueSourceConfiguration [null] for test class [com.tri.selenium.welcome.HelloIT]
22:38:53.718 [main] DEBUG org.springframework.test.annotation.ProfileValueUtils - Retrieved ProfileValueSource type [class org.springframework.test.annotation.SystemProfileValueSource] for class [com.tri.selenium.welcome.HelloIT]
22:38:53.718 [main] DEBUG org.springframework.test.annotation.ProfileValueUtils - Retrieved @ProfileValueSourceConfiguration [null] for test class [com.tri.selenium.welcome.HelloIT]
22:38:53.718 [main] DEBUG org.springframework.test.annotation.ProfileValueUtils - Retrieved ProfileValueSource type [class org.springframework.test.annotation.SystemProfileValueSource] for class [com.tri.selenium.welcome.HelloIT]
22:38:53.718 [main] DEBUG org.springframework.test.context.support.AbstractDirtiesContextTestExecutionListener - Before test class: context [DefaultTestContext@12f8578 testClass = HelloIT, testInstance = [null], testMethod = [null], testException = [null], mergedContextConfiguration = [MergedContextConfiguration@e39218 testClass = HelloIT, locations = '{classpath:META-INF/spring/seleniumContext.xml}', classes = '{}', contextInitializerClasses = '[]', activeProfiles = '{}', propertySourceLocations = '{}', propertySourceProperties = '{}', contextLoader = 'org.springframework.test.context.support.DelegatingSmartContextLoader', parent = [null]]], class annotated with @DirtiesContext [false] with mode [null].
22:38:53.718 [main] DEBUG org.springframework.test.annotation.ProfileValueUtils - Retrieved @ProfileValueSourceConfiguration [null] for test class [com.tri.selenium.welcome.HelloIT]
22:38:53.718 [main] DEBUG org.springframework.test.annotation.ProfileValueUtils - Retrieved ProfileValueSource type [class org.springframework.test.annotation.SystemProfileValueSource] for class [com.tri.selenium.welcome.HelloIT]
22:38:53.718 [main] DEBUG org.springframework.test.context.support.DependencyInjectionTestExecutionListener - Performing dependency injection for test context [[DefaultTestContext@12f8578 testClass = HelloIT, testInstance = com.tri.selenium.welcome.HelloIT@142022d, testMethod = [null], testException = [null], mergedContextConfiguration = [MergedContextConfiguration@e39218 testClass = HelloIT, locations = '{classpath:META-INF/spring/seleniumContext.xml}', classes = '{}', contextInitializerClasses = '[]', activeProfiles = '{}', propertySourceLocations = '{}', propertySourceProperties = '{}', contextLoader = 'org.springframework.test.context.support.DelegatingSmartContextLoader', parent = [null]]]].
22:38:53.718 [main] DEBUG org.springframework.test.context.support.AbstractDelegatingSmartContextLoader - Delegating to GenericXmlContextLoader to load context from [MergedContextConfiguration@e39218 testClass = HelloIT, locations = '{classpath:META-INF/spring/seleniumContext.xml}', classes = '{}', contextInitializerClasses = '[]', activeProfiles = '{}', propertySourceLocations = '{}', propertySourceProperties = '{}', contextLoader = 'org.springframework.test.context.support.DelegatingSmartContextLoader', parent = [null]].
22:38:53.718 [main] DEBUG org.springframework.test.context.support.AbstractGenericContextLoader - Loading ApplicationContext for merged context configuration [[MergedContextConfiguration@e39218 testClass = HelloIT, locations = '{classpath:META-INF/spring/seleniumContext.xml}', classes = '{}', contextInitializerClasses = '[]', activeProfiles = '{}', propertySourceLocations = '{}', propertySourceProperties = '{}', contextLoader = 'org.springframework.test.context.support.DelegatingSmartContextLoader', parent = [null]]].
22:38:53.890 [main] DEBUG org.springframework.core.env.StandardEnvironment - Adding [systemProperties] PropertySource with lowest search precedence
22:38:53.890 [main] DEBUG org.springframework.core.env.StandardEnvironment - Adding [systemEnvironment] PropertySource with lowest search precedence
22:38:53.890 [main] DEBUG org.springframework.core.env.StandardEnvironment - Initialized StandardEnvironment with PropertySources [systemProperties,systemEnvironment]
22:38:53.921 [main] INFO org.springframework.beans.factory.xml.XmlBeanDefinitionReader - Loading XML bean definitions from class path resource [META-INF/spring/seleniumContext.xml]
22:38:54.093 [main] DEBUG org.springframework.beans.factory.xml.DefaultDocumentLoader - Using JAXP provider [org.apache.xerces.jaxp.DocumentBuilderFactoryImpl]
22:38:54.390 [main] DEBUG org.springframework.beans.factory.xml.PluggableSchemaResolver - Loading schema mappings from [META-INF/spring.schemas]
22:38:54.390 [main] DEBUG org.springframework.beans.factory.xml.PluggableSchemaResolver - Loaded schema mappings: {http://www.springframework.org/schema/tx/spring-tx-2.5.xsd=org/springframework/transaction/config/spring-tx-2.5.xsd, http://www.springframework.org/schema/cache/spring-cache-4.2.xsd=org/springframework/cache/config/spring-cache-4.2.xsd, http://www.springframework.org/schema/aop/spring-aop-4.1.xsd=org/springframework/aop/config/spring-aop-4.1.xsd, http://www.springframework.org/schema/context/spring-context-3.1.xsd=org/springframework/context/config/spring-context-3.1.xsd, http://www.springframework.org/schema/data/repository/spring-repository-1.4.xsd=org/springframework/data/repository/config/spring-repository-1.4.xsd, http://www.springframework.org/schema/jdbc/spring-jdbc-4.1.xsd=org/springframework/jdbc/config/spring-jdbc-4.1.xsd, http://www.springframework.org/schema/util/spring-util-3.0.xsd=org/springframework/beans/factory/xml/spring-util-3.0.xsd, http://www.springframework.org/schema/security/spring-security-3.0.3.xsd=org/springframework/security/config/spring-security-3.0.3.xsd, http://mybatis.org/schema/mybatis-spring-1.2.xsd=org/mybatis/spring/config/mybatis-spring-1.2.xsd, http://www.springframework.org/schema/security/spring-security-2.0.1.xsd=org/springframework/security/config/spring-security-2.0.1.xsd, http://www.springframework.org/schema/tool/spring-tool.xsd=org/springframework/beans/factory/xml/spring-tool-4.2.xsd, http://www.springframework.org/schema/aop/spring-aop-3.2.xsd=org/springframework/aop/config/spring-aop-3.2.xsd, http://www.springframework.org/schema/lang/spring-lang-4.1.xsd=org/springframework/scripting/config/spring-lang-4.1.xsd, http://www.springframework.org/schema/context/spring-context-4.0.xsd=org/springframework/context/config/spring-context-4.0.xsd, http://www.springframework.org/schema/beans/spring-beans-4.2.xsd=org/springframework/beans/factory/xml/spring-beans-4.2.xsd, http://www.springframework.org/schema/tool/spring-tool-4.1.xsd=org/springframework/beans/factory/xml/spring-tool-4.1.xsd, http://www.springframework.org/schema/lang/spring-lang-3.2.xsd=org/springframework/scripting/config/spring-lang-3.2.xsd, http://www.springframework.org/schema/cache/spring-cache-3.2.xsd=org/springframework/cache/config/spring-cache-3.2.xsd, http://www.springframework.org/schema/jee/spring-jee-4.1.xsd=org/springframework/ejb/config/spring-jee-4.1.xsd, http://www.springframework.org/schema/jdbc/spring-jdbc-3.1.xsd=org/springframework/jdbc/config/spring-jdbc-3.1.xsd, http://www.springframework.org/schema/task/spring-task-4.2.xsd=org/springframework/scheduling/config/spring-task-4.2.xsd, http://www.springframework.org/schema/util/spring-util-2.0.xsd=org/springframework/beans/factory/xml/spring-util-2.0.xsd, http://www.springframework.org/schema/tool/spring-tool-3.2.xsd=org/springframework/beans/factory/xml/spring-tool-3.2.xsd, http://www.springframework.org/schema/context/spring-context.xsd=org/springframework/context/config/spring-context-4.2.xsd, http://www.springframework.org/schema/tx/spring-tx-4.2.xsd=org/springframework/transaction/config/spring-tx-4.2.xsd, http://www.springframework.org/schema/cache/spring-cache-4.1.xsd=org/springframework/cache/config/spring-cache-4.1.xsd, http://www.springframework.org/schema/aop/spring-aop-4.0.xsd=org/springframework/aop/config/spring-aop-4.0.xsd, http://www.springframework.org/schema/security/spring-security-2.0.xsd=org/springframework/security/config/spring-security-2.0.xsd, http://www.springframework.org/schema/jee/spring-jee-3.2.xsd=org/springframework/ejb/config/spring-jee-3.2.xsd, http://www.springframework.org/schema/context/spring-context-3.0.xsd=org/springframework/context/config/spring-context-3.0.xsd, http://www.springframework.org/schema/jdbc/spring-jdbc-4.0.xsd=org/springframework/jdbc/config/spring-jdbc-4.0.xsd, http://www.springframework.org/schema/util/spring-util-2.5.xsd=org/springframework/beans/factory/xml/spring-util-2.5.xsd, http://www.springframework.org/schema/beans/spring-beans-3.2.xsd=org/springframework/beans/factory/xml/spring-beans-3.2.xsd, http://www.springframework.org/schema/aop/spring-aop-3.1.xsd=org/springframework/aop/config/spring-aop-3.1.xsd, http://www.springframework.org/schema/lang/spring-lang-4.0.xsd=org/springframework/scripting/config/spring-lang-4.0.xsd, http://www.springframework.org/schema/data/repository/spring-repository-1.8.xsd=org/springframework/data/repository/config/spring-repository-1.8.xsd, http://www.springframework.org/schema/beans/spring-beans-4.1.xsd=org/springframework/beans/factory/xml/spring-beans-4.1.xsd, http://www.springframework.org/schema/tool/spring-tool-4.0.xsd=org/springframework/beans/factory/xml/spring-tool-4.0.xsd, http://www.springframework.org/schema/lang/spring-lang-3.1.xsd=org/springframework/scripting/config/spring-lang-3.1.xsd, http://www.springframework.org/schema/tx/spring-tx-3.2.xsd=org/springframework/transaction/config/spring-tx-3.2.xsd, http://www.springframework.org/schema/cache/spring-cache-3.1.xsd=org/springframework/cache/config/spring-cache-3.1.xsd, http://www.springframework.org/schema/jee/spring-jee-4.0.xsd=org/springframework/ejb/config/spring-jee-4.0.xsd, http://www.springframework.org/schema/jdbc/spring-jdbc-3.0.xsd=org/springframework/jdbc/config/spring-jdbc-3.0.xsd, http://www.springframework.org/schema/task/spring-task-4.1.xsd=org/springframework/scheduling/config/spring-task-4.1.xsd, http://www.springframework.org/schema/jdbc/spring-jdbc.xsd=org/springframework/jdbc/config/spring-jdbc-4.2.xsd, http://www.springframework.org/schema/tool/spring-tool-3.1.xsd=org/springframework/beans/factory/xml/spring-tool-3.1.xsd, http://www.springframework.org/schema/tx/spring-tx-4.1.xsd=org/springframework/transaction/config/spring-tx-4.1.xsd, http://www.springframework.org/schema/cache/spring-cache-4.0.xsd=org/springframework/cache/config/spring-cache-4.0.xsd, http://www.springframework.org/schema/jee/spring-jee-3.1.xsd=org/springframework/ejb/config/spring-jee-3.1.xsd, http://www.springframework.org/schema/task/spring-task-3.2.xsd=org/springframework/scheduling/config/spring-task-3.2.xsd, http://www.springframework.org/schema/util/spring-util-4.2.xsd=org/springframework/beans/factory/xml/spring-util-4.2.xsd, http://www.springframework.org/schema/beans/spring-beans-3.1.xsd=org/springframework/beans/factory/xml/spring-beans-3.1.xsd, http://www.springframework.org/schema/util/spring-util.xsd=org/springframework/beans/factory/xml/spring-util-4.2.xsd, http://www.springframework.org/schema/aop/spring-aop-3.0.xsd=org/springframework/aop/config/spring-aop-3.0.xsd, http://www.springframework.org/schema/data/repository/spring-repository.xsd=org/springframework/data/repository/config/spring-repository-1.11.xsd, http://www.springframework.org/schema/data/repository/spring-repository-1.7.xsd=org/springframework/data/repository/config/spring-repository-1.7.xsd, http://www.springframework.org/schema/beans/spring-beans-4.0.xsd=org/springframework/beans/factory/xml/spring-beans-4.0.xsd, http://www.springframework.org/schema/beans/spring-beans.xsd=org/springframework/beans/factory/xml/spring-beans-4.2.xsd, http://www.springframework.org/schema/security/spring-security-2.0.4.xsd=org/springframework/security/config/spring-security-2.0.4.xsd, http://mybatis.org/schema/mybatis-spring.xsd=org/mybatis/spring/config/mybatis-spring-1.2.xsd, http://www.springframework.org/schema/lang/spring-lang-3.0.xsd=org/springframework/scripting/config/spring-lang-3.0.xsd, http://www.springframework.org/schema/tx/spring-tx-3.1.xsd=org/springframework/transaction/config/spring-tx-3.1.xsd, http://www.springframework.org/schema/context/spring-context-2.5.xsd=org/springframework/context/config/spring-context-2.5.xsd, http://www.springframework.org/schema/task/spring-task-4.0.xsd=org/springframework/scheduling/config/spring-task-4.0.xsd, http://www.springframework.org/schema/tool/spring-tool-3.0.xsd=org/springframework/beans/factory/xml/spring-tool-3.0.xsd, http://www.springframework.org/schema/tx/spring-tx-4.0.xsd=org/springframework/transaction/config/spring-tx-4.0.xsd, http://www.springframework.org/schema/aop/spring-aop-2.0.xsd=org/springframework/aop/config/spring-aop-2.0.xsd, http://www.springframework.org/schema/security/spring-security-3.2.xsd=org/springframework/security/config/spring-security-3.2.xsd, http://www.springframework.org/schema/jee/spring-jee-3.0.xsd=org/springframework/ejb/config/spring-jee-3.0.xsd, http://www.springframework.org/schema/task/spring-task-3.1.xsd=org/springframework/scheduling/config/spring-task-3.1.xsd, http://www.springframework.org/schema/util/spring-util-4.1.xsd=org/springframework/beans/factory/xml/spring-util-4.1.xsd, http://www.springframework.org/schema/beans/spring-beans-3.0.xsd=org/springframework/beans/factory/xml/spring-beans-3.0.xsd, http://www.springframework.org/schema/jee/spring-jee.xsd=org/springframework/ejb/config/spring-jee-4.2.xsd, http://www.springframework.org/schema/aop/spring-aop-2.5.xsd=org/springframework/aop/config/spring-aop-2.5.xsd, http://www.springframework.org/schema/lang/spring-lang-2.0.xsd=org/springframework/scripting/config/spring-lang-2.0.xsd, http://www.springframework.org/schema/data/repository/spring-repository-1.6.xsd=org/springframework/data/repository/config/spring-repository-1.6.xsd, http://www.springframework.org/schema/util/spring-util-3.2.xsd=org/springframework/beans/factory/xml/spring-util-3.2.xsd, http://www.springframework.org/schema/task/spring-task.xsd=org/springframework/scheduling/config/spring-task-4.2.xsd, http://www.springframework.org/schema/tool/spring-tool-2.0.xsd=org/springframework/beans/factory/xml/spring-tool-2.0.xsd, http://www.springframework.org/schema/lang/spring-lang-2.5.xsd=org/springframework/scripting/config/spring-lang-2.5.xsd, http://www.springframework.org/schema/tx/spring-tx-3.0.xsd=org/springframework/transaction/config/spring-tx-3.0.xsd, http://www.springframework.org/schema/context/spring-context-4.2.xsd=org/springframework/context/config/spring-context-4.2.xsd, http://www.springframework.org/schema/jee/spring-jee-2.0.xsd=org/springframework/ejb/config/spring-jee-2.0.xsd, http://www.springframework.org/schema/tool/spring-tool-2.5.xsd=org/springframework/beans/factory/xml/spring-tool-2.5.xsd, http://www.springframework.org/schema/security/spring-security-3.1.xsd=org/springframework/security/config/spring-security-3.1.xsd, http://www.springframework.org/schema/jee/spring-jee-2.5.xsd=org/springframework/ejb/config/spring-jee-2.5.xsd, http://www.springframework.org/schema/data/repository/spring-repository-1.0.xsd=org/springframework/data/repository/config/spring-repository-1.0.xsd, http://www.springframework.org/schema/task/spring-task-3.0.xsd=org/springframework/scheduling/config/spring-task-3.0.xsd, http://www.springframework.org/schema/util/spring-util-4.0.xsd=org/springframework/beans/factory/xml/spring-util-4.0.xsd, http://www.springframework.org/schema/aop/spring-aop-4.2.xsd=org/springframework/aop/config/spring-aop-4.2.xsd, http://www.springframework.org/schema/security/spring-security-4.0.xsd=org/springframework/security/config/spring-security-4.0.xsd, http://www.springframework.org/schema/lang/spring-lang.xsd=org/springframework/scripting/config/spring-lang-4.2.xsd, http://www.springframework.org/schema/context/spring-context-3.2.xsd=org/springframework/context/config/spring-context-3.2.xsd, http://www.springframework.org/schema/jdbc/spring-jdbc-4.2.xsd=org/springframework/jdbc/config/spring-jdbc-4.2.xsd, http://www.springframework.org/schema/data/repository/spring-repository-1.5.xsd=org/springframework/data/repository/config/spring-repository-1.5.xsd, http://www.springframework.org/schema/util/spring-util-3.1.xsd=org/springframework/beans/factory/xml/spring-util-3.1.xsd, http://www.springframework.org/schema/beans/spring-beans-2.0.xsd=org/springframework/beans/factory/xml/spring-beans-2.0.xsd, http://www.springframework.org/schema/cache/spring-cache.xsd=org/springframework/cache/config/spring-cache-4.2.xsd, http://www.springframework.org/schema/tx/spring-tx.xsd=org/springframework/transaction/config/spring-tx-4.2.xsd, http://www.springframework.org/schema/security/spring-security-2.0.2.xsd=org/springframework/security/config/spring-security-2.0.2.xsd, http://www.springframework.org/schema/lang/spring-lang-4.2.xsd=org/springframework/scripting/config/spring-lang-4.2.xsd, http://www.springframework.org/schema/context/spring-context-4.1.xsd=org/springframework/context/config/spring-context-4.1.xsd, http://www.springframework.org/schema/beans/spring-beans-2.5.xsd=org/springframework/beans/factory/xml/spring-beans-2.5.xsd, http://www.springframework.org/schema/tool/spring-tool-4.2.xsd=org/springframework/beans/factory/xml/spring-tool-4.2.xsd, http://www.springframework.org/schema/security/spring-security.xsd=org/springframework/security/config/spring-security-4.0.xsd, http://www.springframework.org/schema/tx/spring-tx-2.0.xsd=org/springframework/transaction/config/spring-tx-2.0.xsd, http://dozer.sourceforge.net/schema/dozer-spring.xsd=dozer-spring.xsd, http://www.springframework.org/schema/security/spring-security-3.0.xsd=org/springframework/security/config/spring-security-3.0.xsd, http://www.springframework.org/schema/jee/spring-jee-4.2.xsd=org/springframework/ejb/config/spring-jee-4.2.xsd, http://www.springframework.org/schema/data/repository/spring-repository-1.11.xsd=org/springframework/data/repository/config/spring-repository-1.11.xsd, http://www.springframework.org/schema/jdbc/spring-jdbc-3.2.xsd=org/springframework/jdbc/config/spring-jdbc-3.2.xsd, http://www.springframework.org/schema/aop/spring-aop.xsd=org/springframework/aop/config/spring-aop-4.2.xsd}
22:38:54.406 [main] DEBUG org.springframework.beans.factory.xml.PluggableSchemaResolver - Found XML schema [http://www.springframework.org/schema/beans/spring-beans.xsd] in classpath: org/springframework/beans/factory/xml/spring-beans-4.2.xsd
22:38:54.531 [main] DEBUG org.springframework.beans.factory.xml.PluggableSchemaResolver - Found XML schema [http://www.springframework.org/schema/context/spring-context.xsd] in classpath: org/springframework/context/config/spring-context-4.2.xsd
22:38:54.531 [main] DEBUG org.springframework.beans.factory.xml.PluggableSchemaResolver - Found XML schema [http://www.springframework.org/schema/tool/spring-tool-4.2.xsd] in classpath: org/springframework/beans/factory/xml/spring-tool-4.2.xsd
22:38:54.546 [main] DEBUG org.springframework.beans.factory.xml.DefaultBeanDefinitionDocumentReader - Loading bean definitions
22:38:54.578 [main] DEBUG org.springframework.beans.factory.xml.DefaultNamespaceHandlerResolver - Loaded NamespaceHandler mappings: {http://www.springframework.org/schema/p=org.springframework.beans.factory.xml.SimplePropertyNamespaceHandler, http://www.springframework.org/schema/util=org.springframework.beans.factory.xml.UtilNamespaceHandler, http://www.springframework.org/schema/jee=org.springframework.ejb.config.JeeNamespaceHandler, http://www.springframework.org/schema/aop=org.springframework.aop.config.AopNamespaceHandler, http://www.springframework.org/schema/jdbc=org.springframework.jdbc.config.JdbcNamespaceHandler, http://www.springframework.org/schema/data/repository=org.springframework.data.repository.config.RepositoryNameSpaceHandler, http://www.springframework.org/schema/cache=org.springframework.cache.config.CacheNamespaceHandler, http://mybatis.org/schema/mybatis-spring=org.mybatis.spring.config.NamespaceHandler, http://www.springframework.org/schema/c=org.springframework.beans.factory.xml.SimpleConstructorNamespaceHandler, http://www.springframework.org/schema/security=org.springframework.security.config.SecurityNamespaceHandler, http://www.springframework.org/schema/tx=org.springframework.transaction.config.TxNamespaceHandler, http://dozer.sourceforge.net/schema/dozer-spring=org.dozer.spring.DozerNamespaceHandler, http://www.springframework.org/schema/task=org.springframework.scheduling.config.TaskNamespaceHandler, http://www.springframework.org/schema/lang=org.springframework.scripting.config.LangNamespaceHandler, http://www.springframework.org/schema/data/keyvalue=org.springframework.data.keyvalue.repository.config.KeyValueRepositoryNameSpaceHandler, http://www.springframework.org/schema/context=org.springframework.context.config.ContextNamespaceHandler}
22:38:54.640 [main] DEBUG org.springframework.beans.factory.xml.XmlBeanDefinitionReader - Loaded 2 bean definitions from location pattern [classpath:META-INF/spring/seleniumContext.xml]
22:38:54.656 [main] INFO org.springframework.context.support.GenericApplicationContext - Refreshing org.springframework.context.support.GenericApplicationContext@6286e3: startup date [Tue Mar 07 22:38:54 ICT 2017]; root of context hierarchy
22:38:54.656 [main] DEBUG org.springframework.context.support.GenericApplicationContext - Bean factory for org.springframework.context.support.GenericApplicationContext@6286e3: org.springframework.beans.factory.support.DefaultListableBeanFactory@125e0fe: defining beans [org.springframework.context.support.PropertySourcesPlaceholderConfigurer#0,webDriver,org.springframework.context.annotation.internalConfigurationAnnotationProcessor,org.springframework.context.annotation.internalAutowiredAnnotationProcessor,org.springframework.context.annotation.internalRequiredAnnotationProcessor,org.springframework.context.annotation.internalCommonAnnotationProcessor,org.springframework.context.event.internalEventListenerProcessor,org.springframework.context.event.internalEventListenerFactory]; root of factory hierarchy
22:38:54.734 [main] DEBUG org.springframework.beans.factory.support.DefaultListableBeanFactory - Creating shared instance of singleton bean 'org.springframework.context.annotation.internalConfigurationAnnotationProcessor'
22:38:54.734 [main] DEBUG org.springframework.beans.factory.support.DefaultListableBeanFactory - Creating instance of bean 'org.springframework.context.annotation.internalConfigurationAnnotationProcessor'
22:38:54.765 [main] DEBUG org.springframework.beans.factory.support.DefaultListableBeanFactory - Eagerly caching bean 'org.springframework.context.annotation.internalConfigurationAnnotationProcessor' to allow for resolving potential circular references
22:38:54.765 [main] DEBUG org.springframework.beans.factory.support.DefaultListableBeanFactory - Finished creating instance of bean 'org.springframework.context.annotation.internalConfigurationAnnotationProcessor'
22:38:54.828 [main] DEBUG org.springframework.beans.factory.support.DefaultListableBeanFactory - Creating shared instance of singleton bean 'org.springframework.context.support.PropertySourcesPlaceholderConfigurer#0'
22:38:54.828 [main] DEBUG org.springframework.beans.factory.support.DefaultListableBeanFactory - Creating instance of bean 'org.springframework.context.support.PropertySourcesPlaceholderConfigurer#0'
22:38:54.828 [main] DEBUG org.springframework.beans.factory.support.DefaultListableBeanFactory - Eagerly caching bean 'org.springframework.context.support.PropertySourcesPlaceholderConfigurer#0' to allow for resolving potential circular references
22:38:54.875 [main] DEBUG org.springframework.core.io.support.PathMatchingResourcePatternResolver - Resolved classpath location [META-INF/spring/] to resources [URL [file:/C:/Documents%20and%20Settings/choel/workspace/todo-list-sample/tri/tri-selenium/target/test-classes/META-INF/spring/], URL [jar:file:/C:/Documents%20and%20Settings/choel/workspace/todo-list-sample/tri/tri-domain/target/tri-domain-1.0.jar!/META-INF/spring/]]
22:38:54.875 [main] DEBUG org.springframework.core.io.support.PathMatchingResourcePatternResolver - Looking for matching resources in directory tree [C:\Documents and Settings\choel\workspace\todo-list-sample\tri\tri-selenium\target\test-classes\META-INF\spring]
22:38:54.875 [main] DEBUG org.springframework.core.io.support.PathMatchingResourcePatternResolver - Searching directory [C:\Documents and Settings\choel\workspace\todo-list-sample\tri\tri-selenium\target\test-classes\META-INF\spring] for files matching pattern [C:/Documents and Settings/choel/workspace/todo-list-sample/tri/tri-selenium/target/test-classes/META-INF/spring/*.properties]
22:38:54.890 [main] DEBUG org.springframework.core.io.support.PathMatchingResourcePatternResolver - Looking for matching resources in jar file [file:/C:/Documents%20and%20Settings/choel/workspace/todo-list-sample/tri/tri-domain/target/tri-domain-1.0.jar]
22:38:54.890 [main] DEBUG org.springframework.core.io.support.PathMatchingResourcePatternResolver - Resolved location pattern [classpath*:META-INF/spring/*.properties] to resources [file [C:\Documents and Settings\choel\workspace\todo-list-sample\tri\tri-selenium\target\test-classes\META-INF\spring\selenium.properties]]
22:38:54.890 [main] DEBUG org.springframework.beans.factory.support.DefaultListableBeanFactory - Finished creating instance of bean 'org.springframework.context.support.PropertySourcesPlaceholderConfigurer#0'
22:38:54.890 [main] DEBUG org.springframework.core.env.MutablePropertySources - Adding [environmentProperties] PropertySource with lowest search precedence
22:38:54.890 [main] INFO org.springframework.context.support.PropertySourcesPlaceholderConfigurer - Loading properties file from file [C:\Documents and Settings\choel\workspace\todo-list-sample\tri\tri-selenium\target\test-classes\META-INF\spring\selenium.properties]
22:38:54.890 [main] DEBUG org.springframework.core.env.MutablePropertySources - Adding [localProperties] PropertySource with lowest search precedence
22:38:54.906 [main] DEBUG org.springframework.beans.factory.support.DefaultListableBeanFactory - Creating shared instance of singleton bean 'org.springframework.context.annotation.internalAutowiredAnnotationProcessor'
22:38:54.906 [main] DEBUG org.springframework.beans.factory.support.DefaultListableBeanFactory - Creating instance of bean 'org.springframework.context.annotation.internalAutowiredAnnotationProcessor'
22:38:54.906 [main] INFO org.springframework.beans.factory.annotation.AutowiredAnnotationBeanPostProcessor - JSR-330 'javax.inject.Inject' annotation found and supported for autowiring
22:38:54.906 [main] DEBUG org.springframework.beans.factory.support.DefaultListableBeanFactory - Eagerly caching bean 'org.springframework.context.annotation.internalAutowiredAnnotationProcessor' to allow for resolving potential circular references
22:38:54.906 [main] DEBUG org.springframework.beans.factory.support.DefaultListableBeanFactory - Finished creating instance of bean 'org.springframework.context.annotation.internalAutowiredAnnotationProcessor'
22:38:54.906 [main] DEBUG org.springframework.beans.factory.support.DefaultListableBeanFactory - Creating shared instance of singleton bean 'org.springframework.context.annotation.internalRequiredAnnotationProcessor'
22:38:54.906 [main] DEBUG org.springframework.beans.factory.support.DefaultListableBeanFactory - Creating instance of bean 'org.springframework.context.annotation.internalRequiredAnnotationProcessor'
22:38:54.906 [main] DEBUG org.springframework.beans.factory.support.DefaultListableBeanFactory - Eagerly caching bean 'org.springframework.context.annotation.internalRequiredAnnotationProcessor' to allow for resolving potential circular references
22:38:54.906 [main] DEBUG org.springframework.beans.factory.support.DefaultListableBeanFactory - Finished creating instance of bean 'org.springframework.context.annotation.internalRequiredAnnotationProcessor'
22:38:54.906 [main] DEBUG org.springframework.beans.factory.support.DefaultListableBeanFactory - Creating shared instance of singleton bean 'org.springframework.context.annotation.internalCommonAnnotationProcessor'
22:38:54.906 [main] DEBUG org.springframework.beans.factory.support.DefaultListableBeanFactory - Creating instance of bean 'org.springframework.context.annotation.internalCommonAnnotationProcessor'
22:38:54.921 [main] DEBUG org.springframework.beans.factory.support.DefaultListableBeanFactory - Eagerly caching bean 'org.springframework.context.annotation.internalCommonAnnotationProcessor' to allow for resolving potential circular references
22:38:54.921 [main] DEBUG org.springframework.beans.factory.support.DefaultListableBeanFactory - Finished creating instance of bean 'org.springframework.context.annotation.internalCommonAnnotationProcessor'
22:38:54.921 [main] DEBUG org.springframework.beans.factory.support.DefaultListableBeanFactory - Creating shared instance of singleton bean 'org.springframework.context.annotation.ConfigurationClassPostProcessor.importAwareProcessor'
22:38:54.921 [main] DEBUG org.springframework.beans.factory.support.DefaultListableBeanFactory - Creating instance of bean 'org.springframework.context.annotation.ConfigurationClassPostProcessor.importAwareProcessor'
22:38:54.921 [main] DEBUG org.springframework.beans.factory.support.DefaultListableBeanFactory - Eagerly caching bean 'org.springframework.context.annotation.ConfigurationClassPostProcessor.importAwareProcessor' to allow for resolving potential circular references
22:38:54.921 [main] DEBUG org.springframework.beans.factory.support.DefaultListableBeanFactory - Finished creating instance of bean 'org.springframework.context.annotation.ConfigurationClassPostProcessor.importAwareProcessor'
22:38:54.921 [main] DEBUG org.springframework.beans.factory.support.DefaultListableBeanFactory - Creating shared instance of singleton bean 'org.springframework.context.annotation.ConfigurationClassPostProcessor.enhancedConfigurationProcessor'
22:38:54.921 [main] DEBUG org.springframework.beans.factory.support.DefaultListableBeanFactory - Creating instance of bean 'org.springframework.context.annotation.ConfigurationClassPostProcessor.enhancedConfigurationProcessor'
22:38:54.921 [main] DEBUG org.springframework.beans.factory.support.DefaultListableBeanFactory - Eagerly caching bean 'org.springframework.context.annotation.ConfigurationClassPostProcessor.enhancedConfigurationProcessor' to allow for resolving potential circular references
22:38:54.921 [main] DEBUG org.springframework.beans.factory.support.DefaultListableBeanFactory - Finished creating instance of bean 'org.springframework.context.annotation.ConfigurationClassPostProcessor.enhancedConfigurationProcessor'
22:38:54.921 [main] DEBUG org.springframework.context.support.GenericApplicationContext - Unable to locate MessageSource with name 'messageSource': using default [org.springframework.context.support.DelegatingMessageSource@929d0b]
22:38:54.921 [main] DEBUG org.springframework.context.support.GenericApplicationContext - Unable to locate ApplicationEventMulticaster with name 'applicationEventMulticaster': using default [org.springframework.context.event.SimpleApplicationEventMulticaster@1e8b404]
22:38:54.937 [main] DEBUG org.springframework.beans.factory.support.DefaultListableBeanFactory - Pre-instantiating singletons in org.springframework.beans.factory.support.DefaultListableBeanFactory@125e0fe: defining beans [org.springframework.context.support.PropertySourcesPlaceholderConfigurer#0,webDriver,org.springframework.context.annotation.internalConfigurationAnnotationProcessor,org.springframework.context.annotation.internalAutowiredAnnotationProcessor,org.springframework.context.annotation.internalRequiredAnnotationProcessor,org.springframework.context.annotation.internalCommonAnnotationProcessor,org.springframework.context.event.internalEventListenerProcessor,org.springframework.context.event.internalEventListenerFactory,org.springframework.context.annotation.ConfigurationClassPostProcessor.importAwareProcessor,org.springframework.context.annotation.ConfigurationClassPostProcessor.enhancedConfigurationProcessor]; root of factory hierarchy
22:38:54.937 [main] DEBUG org.springframework.beans.factory.support.DefaultListableBeanFactory - Returning cached instance of singleton bean 'org.springframework.context.support.PropertySourcesPlaceholderConfigurer#0'
22:38:54.937 [main] DEBUG org.springframework.beans.factory.support.DefaultListableBeanFactory - Returning cached instance of singleton bean 'org.springframework.context.annotation.internalConfigurationAnnotationProcessor'
22:38:54.937 [main] DEBUG org.springframework.beans.factory.support.DefaultListableBeanFactory - Returning cached instance of singleton bean 'org.springframework.context.annotation.internalAutowiredAnnotationProcessor'
22:38:54.937 [main] DEBUG org.springframework.beans.factory.support.DefaultListableBeanFactory - Returning cached instance of singleton bean 'org.springframework.context.annotation.internalRequiredAnnotationProcessor'
22:38:54.937 [main] DEBUG org.springframework.beans.factory.support.DefaultListableBeanFactory - Returning cached instance of singleton bean 'org.springframework.context.annotation.internalCommonAnnotationProcessor'
22:38:54.937 [main] DEBUG org.springframework.beans.factory.support.DefaultListableBeanFactory - Creating shared instance of singleton bean 'org.springframework.context.event.internalEventListenerProcessor'
22:38:54.937 [main] DEBUG org.springframework.beans.factory.support.DefaultListableBeanFactory - Creating instance of bean 'org.springframework.context.event.internalEventListenerProcessor'
22:38:54.953 [main] DEBUG org.springframework.beans.factory.support.DefaultListableBeanFactory - Eagerly caching bean 'org.springframework.context.event.internalEventListenerProcessor' to allow for resolving potential circular references
22:38:54.953 [main] DEBUG org.springframework.beans.factory.support.DefaultListableBeanFactory - Finished creating instance of bean 'org.springframework.context.event.internalEventListenerProcessor'
22:38:54.953 [main] DEBUG org.springframework.beans.factory.support.DefaultListableBeanFactory - Creating shared instance of singleton bean 'org.springframework.context.event.internalEventListenerFactory'
22:38:54.953 [main] DEBUG org.springframework.beans.factory.support.DefaultListableBeanFactory - Creating instance of bean 'org.springframework.context.event.internalEventListenerFactory'
22:38:54.953 [main] DEBUG org.springframework.beans.factory.support.DefaultListableBeanFactory - Eagerly caching bean 'org.springframework.context.event.internalEventListenerFactory' to allow for resolving potential circular references
22:38:54.953 [main] DEBUG org.springframework.beans.factory.support.DefaultListableBeanFactory - Finished creating instance of bean 'org.springframework.context.event.internalEventListenerFactory'
22:38:54.953 [main] DEBUG org.springframework.beans.factory.support.DefaultListableBeanFactory - Returning cached instance of singleton bean 'org.springframework.context.annotation.ConfigurationClassPostProcessor.importAwareProcessor'
22:38:54.953 [main] DEBUG org.springframework.beans.factory.support.DefaultListableBeanFactory - Returning cached instance of singleton bean 'org.springframework.context.annotation.ConfigurationClassPostProcessor.enhancedConfigurationProcessor'
22:38:54.953 [main] DEBUG org.springframework.beans.factory.support.DefaultListableBeanFactory - Returning cached instance of singleton bean 'org.springframework.context.event.internalEventListenerFactory'
22:38:55.015 [main] DEBUG org.springframework.context.support.GenericApplicationContext - Unable to locate LifecycleProcessor with name 'lifecycleProcessor': using default [org.springframework.context.support.DefaultLifecycleProcessor@1cad7c3]
22:38:55.015 [main] DEBUG org.springframework.beans.factory.support.DefaultListableBeanFactory - Returning cached instance of singleton bean 'lifecycleProcessor'
22:38:55.015 [main] DEBUG org.springframework.core.env.PropertySourcesPropertyResolver - Searching for key 'spring.liveBeansView.mbeanDomain' in [systemProperties]
22:38:55.015 [main] DEBUG org.springframework.core.env.PropertySourcesPropertyResolver - Searching for key 'spring.liveBeansView.mbeanDomain' in [systemEnvironment]
22:38:55.015 [main] DEBUG org.springframework.core.env.PropertySourcesPropertyResolver - Could not find key 'spring.liveBeansView.mbeanDomain' in any property source. Returning [null]
22:38:55.015 [main] DEBUG org.springframework.test.context.cache.DefaultCacheAwareContextLoaderDelegate - Storing ApplicationContext in cache under key [[MergedContextConfiguration@e39218 testClass = HelloIT, locations = '{classpath:META-INF/spring/seleniumContext.xml}', classes = '{}', contextInitializerClasses = '[]', activeProfiles = '{}', propertySourceLocations = '{}', propertySourceProperties = '{}', contextLoader = 'org.springframework.test.context.support.DelegatingSmartContextLoader', parent = [null]]]
22:38:55.015 [main] DEBUG org.springframework.test.context.cache - Spring test ApplicationContext cache statistics: [DefaultContextCache@10e1829 size = 1, parentContextCount = 0, hitCount = 0, missCount = 1]
22:38:55.031 [main] DEBUG org.springframework.beans.factory.annotation.InjectionMetadata - Processing injected element of bean 'com.tri.selenium.welcome.HelloIT': AutowiredFieldElement for org.openqa.selenium.WebDriver com.tri.selenium.welcome.HelloIT.webDriver
22:38:55.031 [main] DEBUG org.springframework.beans.factory.support.DefaultListableBeanFactory - Creating instance of bean 'webDriver'
22:39:17.406 [Forwarding newSession on session null to remote] DEBUG org.apache.http.client.protocol.RequestAddCookies - CookieSpec selected: default
22:39:17.437 [Forwarding newSession on session null to remote] DEBUG org.apache.http.client.protocol.RequestAuthCache - Auth cache not set in the context
22:39:17.437 [Forwarding newSession on session null to remote] DEBUG org.apache.http.impl.conn.PoolingHttpClientConnectionManager - Connection request: [route: {}->http://localhost:7055][total kept alive: 0; route allocated: 0 of 2000; total allocated: 0 of 2000]
22:39:17.453 [Forwarding newSession on session null to remote] DEBUG org.apache.http.impl.conn.PoolingHttpClientConnectionManager - Connection leased: [id: 0][route: {}->http://localhost:7055][total kept alive: 0; route allocated: 1 of 2000; total allocated: 1 of 2000]
22:39:17.453 [Forwarding newSession on session null to remote] DEBUG org.apache.http.impl.execchain.MainClientExec - Opening connection {}->http://localhost:7055
22:39:17.453 [Forwarding newSession on session null to remote] DEBUG org.apache.http.impl.conn.DefaultHttpClientConnectionOperator - Connecting to localhost/127.0.0.1:7055
22:39:17.453 [Forwarding newSession on session null to remote] DEBUG org.apache.http.impl.conn.DefaultHttpClientConnectionOperator - Connection established 127.0.0.1:1294<->127.0.0.1:7055
22:39:17.453 [Forwarding newSession on session null to remote] DEBUG org.apache.http.impl.conn.DefaultManagedHttpClientConnection - http-outgoing-0: set socket timeout to 10800000
22:39:17.453 [Forwarding newSession on session null to remote] DEBUG org.apache.http.impl.execchain.MainClientExec - Executing request POST /hub/session HTTP/1.1
22:39:17.453 [Forwarding newSession on session null to remote] DEBUG org.apache.http.impl.execchain.MainClientExec - Target auth state: UNCHALLENGED
22:39:17.453 [Forwarding newSession on session null to remote] DEBUG org.apache.http.impl.execchain.MainClientExec - Proxy auth state: UNCHALLENGED
22:39:17.468 [Forwarding newSession on session null to remote] DEBUG org.apache.http.headers - http-outgoing-0 >> POST /hub/session HTTP/1.1
22:39:17.468 [Forwarding newSession on session null to remote] DEBUG org.apache.http.headers - http-outgoing-0 >> Content-Type: application/json; charset=utf-8
22:39:17.468 [Forwarding newSession on session null to remote] DEBUG org.apache.http.headers - http-outgoing-0 >> Content-Length: 105
22:39:17.468 [Forwarding newSession on session null to remote] DEBUG org.apache.http.headers - http-outgoing-0 >> Host: localhost:7055
22:39:17.468 [Forwarding newSession on session null to remote] DEBUG org.apache.http.headers - http-outgoing-0 >> Connection: Keep-Alive
22:39:17.468 [Forwarding newSession on session null to remote] DEBUG org.apache.http.headers - http-outgoing-0 >> User-Agent: Apache-HttpClient/4.5.2 (Java/1.7.0_80)
22:39:17.468 [Forwarding newSession on session null to remote] DEBUG org.apache.http.headers - http-outgoing-0 >> Accept-Encoding: gzip,deflate
22:39:17.468 [Forwarding newSession on session null to remote] DEBUG org.apache.http.wire - http-outgoing-0 >> "POST /hub/session HTTP/1.1[\r][\n]"
22:39:17.468 [Forwarding newSession on session null to remote] DEBUG org.apache.http.wire - http-outgoing-0 >> "Content-Type: application/json; charset=utf-8[\r][\n]"
22:39:17.468 [Forwarding newSession on session null to remote] DEBUG org.apache.http.wire - http-outgoing-0 >> "Content-Length: 105[\r][\n]"
22:39:17.468 [Forwarding newSession on session null to remote] DEBUG org.apache.http.wire - http-outgoing-0 >> "Host: localhost:7055[\r][\n]"
22:39:17.468 [Forwarding newSession on session null to remote] DEBUG org.apache.http.wire - http-outgoing-0 >> "Connection: Keep-Alive[\r][\n]"
22:39:17.468 [Forwarding newSession on session null to remote] DEBUG org.apache.http.wire - http-outgoing-0 >> "User-Agent: Apache-HttpClient/4.5.2 (Java/1.7.0_80)[\r][\n]"
22:39:17.468 [Forwarding newSession on session null to remote] DEBUG org.apache.http.wire - http-outgoing-0 >> "Accept-Encoding: gzip,deflate[\r][\n]"
22:39:17.468 [Forwarding newSession on session null to remote] DEBUG org.apache.http.wire - http-outgoing-0 >> "[\r][\n]"
22:39:17.468 [Forwarding newSession on session null to remote] DEBUG org.apache.http.wire - http-outgoing-0 >> "{"desiredCapabilities":{"platform":"ANY","browserName":"firefox","version":""},"requiredCapabilities":{}}"
22:39:18.328 [Forwarding newSession on session null to remote] DEBUG org.apache.http.wire - http-outgoing-0 << "HTTP/1.1 200 OK[\r][\n]"
22:39:18.328 [Forwarding newSession on session null to remote] DEBUG org.apache.http.wire - http-outgoing-0 << "content-type: application/json; charset=UTF-8[\r][\n]"
22:39:18.328 [Forwarding newSession on session null to remote] DEBUG org.apache.http.wire - http-outgoing-0 << "connection: close[\r][\n]"
22:39:18.328 [Forwarding newSession on session null to remote] DEBUG org.apache.http.wire - http-outgoing-0 << "content-length: 420[\r][\n]"
22:39:18.328 [Forwarding newSession on session null to remote] DEBUG org.apache.http.wire - http-outgoing-0 << "server: httpd.js[\r][\n]"
22:39:18.328 [Forwarding newSession on session null to remote] DEBUG org.apache.http.wire - http-outgoing-0 << "date: Tue, 07 Mar 2017 15:39:18 GMT[\r][\n]"
22:39:18.328 [Forwarding newSession on session null to remote] DEBUG org.apache.http.wire - http-outgoing-0 << "[\r][\n]"
22:39:18.343 [Forwarding newSession on session null to remote] DEBUG org.apache.http.headers - http-outgoing-0 << HTTP/1.1 200 OK
22:39:18.343 [Forwarding newSession on session null to remote] DEBUG org.apache.http.headers - http-outgoing-0 << content-type: application/json; charset=UTF-8
22:39:18.343 [Forwarding newSession on session null to remote] DEBUG org.apache.http.headers - http-outgoing-0 << connection: close
22:39:18.343 [Forwarding newSession on session null to remote] DEBUG org.apache.http.headers - http-outgoing-0 << content-length: 420
22:39:18.343 [Forwarding newSession on session null to remote] DEBUG org.apache.http.headers - http-outgoing-0 << server: httpd.js
22:39:18.343 [Forwarding newSession on session null to remote] DEBUG org.apache.http.headers - http-outgoing-0 << date: Tue, 07 Mar 2017 15:39:18 GMT
22:39:18.359 [Forwarding newSession on session null to remote] DEBUG org.apache.http.wire - http-outgoing-0 << "{"name":"newSession","sessionId":"64dcef4b-2eea-42d2-991d-dd74192b8c50","status":0,"value":{"cssSelectorsEnabled":true,"browserName":"firefox","handlesAlerts":true,"javascriptEnabled":true,"nativeEvents":true,"platform":"WINDOWS","rotatable":false,"takesScreenshot":true,"version":"31.0","webStorageEnabled":true,"applicationCacheEnabled":true,"databaseEnabled":true,"locationContextEnabled":true,"acceptSslCerts":true}}"
22:39:18.359 [Forwarding newSession on session null to remote] DEBUG org.apache.http.impl.conn.DefaultManagedHttpClientConnection - http-outgoing-0: Close connection
22:39:18.359 [Forwarding newSession on session null to remote] DEBUG org.apache.http.impl.execchain.MainClientExec - Connection discarded
22:39:18.359 [Forwarding newSession on session null to remote] DEBUG org.apache.http.impl.conn.PoolingHttpClientConnectionManager - Connection released: [id: 0][route: {}->http://localhost:7055][total kept alive: 0; route allocated: 0 of 2000; total allocated: 0 of 2000]
22:39:18.375 [main] DEBUG org.springframework.beans.factory.support.DefaultListableBeanFactory - Finished creating instance of bean 'webDriver'
22:39:18.375 [main] DEBUG org.springframework.beans.factory.annotation.AutowiredAnnotationBeanPostProcessor - Autowiring by type from bean name 'com.tri.selenium.welcome.HelloIT' to bean named 'webDriver'
22:39:18.375 [main] DEBUG org.springframework.beans.factory.annotation.InjectionMetadata - Processing injected element of bean 'com.tri.selenium.welcome.HelloIT': AutowiredFieldElement for java.lang.String com.tri.selenium.welcome.HelloIT.applicationContextUrl
22:39:18.375 [main] DEBUG org.springframework.core.env.PropertySourcesPropertyResolver - Searching for key 'selenium.applicationContextUrl' in [environmentProperties]
22:39:18.375 [main] DEBUG org.springframework.core.env.PropertySourcesPropertyResolver - Searching for key 'selenium.applicationContextUrl' in [systemProperties]
22:39:18.375 [main] DEBUG org.springframework.core.env.PropertySourcesPropertyResolver - Searching for key 'selenium.applicationContextUrl' in [systemEnvironment]
22:39:18.375 [main] DEBUG org.springframework.core.env.PropertySourcesPropertyResolver - Could not find key 'selenium.applicationContextUrl' in any property source. Returning [null]
22:39:18.375 [main] DEBUG org.springframework.core.env.PropertySourcesPropertyResolver - Searching for key 'selenium.applicationContextUrl' in [localProperties]
22:39:18.375 [main] DEBUG org.springframework.core.env.PropertySourcesPropertyResolver - Found key 'selenium.applicationContextUrl' in [localProperties] with type [String] and value '${selenium.serverUrl}/${selenium.contextName}'
22:39:18.375 [main] DEBUG org.springframework.core.env.PropertySourcesPropertyResolver - Searching for key 'selenium.serverUrl' in [environmentProperties]
22:39:18.375 [main] DEBUG org.springframework.core.env.PropertySourcesPropertyResolver - Searching for key 'selenium.serverUrl' in [systemProperties]
22:39:18.375 [main] DEBUG org.springframework.core.env.PropertySourcesPropertyResolver - Searching for key 'selenium.serverUrl' in [systemEnvironment]
22:39:18.375 [main] DEBUG org.springframework.core.env.PropertySourcesPropertyResolver - Could not find key 'selenium.serverUrl' in any property source. Returning [null]
22:39:18.375 [main] DEBUG org.springframework.core.env.PropertySourcesPropertyResolver - Searching for key 'selenium.serverUrl' in [localProperties]
22:39:18.375 [main] DEBUG org.springframework.core.env.PropertySourcesPropertyResolver - Found key 'selenium.serverUrl' in [localProperties] with type [String] and value 'http://localhost:8080'
22:39:18.375 [main] DEBUG org.springframework.core.env.PropertySourcesPropertyResolver - Searching for key 'selenium.contextName' in [environmentProperties]
22:39:18.375 [main] DEBUG org.springframework.core.env.PropertySourcesPropertyResolver - Searching for key 'selenium.contextName' in [systemProperties]
22:39:18.375 [main] DEBUG org.springframework.core.env.PropertySourcesPropertyResolver - Searching for key 'selenium.contextName' in [systemEnvironment]
22:39:18.375 [main] DEBUG org.springframework.core.env.PropertySourcesPropertyResolver - Could not find key 'selenium.contextName' in any property source. Returning [null]
22:39:18.375 [main] DEBUG org.springframework.core.env.PropertySourcesPropertyResolver - Searching for key 'selenium.contextName' in [localProperties]
22:39:18.375 [main] DEBUG org.springframework.core.env.PropertySourcesPropertyResolver - Found key 'selenium.contextName' in [localProperties] with type [String] and value 'tri-web'
22:39:18.375 [main] DEBUG org.springframework.test.context.support.AbstractDirtiesContextTestExecutionListener - Before test method: context [DefaultTestContext@12f8578 testClass = HelloIT, testInstance = com.tri.selenium.welcome.HelloIT@142022d, testMethod = testHelloWorld@HelloIT, testException = [null], mergedContextConfiguration = [MergedContextConfiguration@e39218 testClass = HelloIT, locations = '{classpath:META-INF/spring/seleniumContext.xml}', classes = '{}', contextInitializerClasses = '[]', activeProfiles = '{}', propertySourceLocations = '{}', propertySourceProperties = '{}', contextLoader = 'org.springframework.test.context.support.DelegatingSmartContextLoader', parent = [null]]], class annotated with @DirtiesContext [false] with mode [null], method annotated with @DirtiesContext [false] with mode [null].
22:39:18.390 [Forwarding get on session 64dcef4b-2eea-42d2-991d-dd74192b8c50 to remote] DEBUG org.apache.http.client.protocol.RequestAddCookies - CookieSpec selected: default
22:39:18.390 [Forwarding get on session 64dcef4b-2eea-42d2-991d-dd74192b8c50 to remote] DEBUG org.apache.http.client.protocol.RequestAuthCache - Auth cache not set in the context
22:39:18.390 [Forwarding get on session 64dcef4b-2eea-42d2-991d-dd74192b8c50 to remote] DEBUG org.apache.http.impl.conn.PoolingHttpClientConnectionManager - Connection request: [route: {}->http://localhost:7055][total kept alive: 0; route allocated: 0 of 2000; total allocated: 0 of 2000]
22:39:18.390 [Forwarding get on session 64dcef4b-2eea-42d2-991d-dd74192b8c50 to remote] DEBUG org.apache.http.impl.conn.PoolingHttpClientConnectionManager - Connection leased: [id: 1][route: {}->http://localhost:7055][total kept alive: 0; route allocated: 1 of 2000; total allocated: 1 of 2000]
22:39:18.390 [Forwarding get on session 64dcef4b-2eea-42d2-991d-dd74192b8c50 to remote] DEBUG org.apache.http.impl.execchain.MainClientExec - Opening connection {}->http://localhost:7055
22:39:18.390 [Forwarding get on session 64dcef4b-2eea-42d2-991d-dd74192b8c50 to remote] DEBUG org.apache.http.impl.conn.DefaultHttpClientConnectionOperator - Connecting to localhost/127.0.0.1:7055
22:39:18.390 [Forwarding get on session 64dcef4b-2eea-42d2-991d-dd74192b8c50 to remote] DEBUG org.apache.http.impl.conn.DefaultHttpClientConnectionOperator - Connection established 127.0.0.1:1295<->127.0.0.1:7055
22:39:18.390 [Forwarding get on session 64dcef4b-2eea-42d2-991d-dd74192b8c50 to remote] DEBUG org.apache.http.impl.conn.DefaultManagedHttpClientConnection - http-outgoing-1: set socket timeout to 10800000
22:39:18.390 [Forwarding get on session 64dcef4b-2eea-42d2-991d-dd74192b8c50 to remote] DEBUG org.apache.http.impl.execchain.MainClientExec - Executing request POST /hub/session/64dcef4b-2eea-42d2-991d-dd74192b8c50/url HTTP/1.1
22:39:18.390 [Forwarding get on session 64dcef4b-2eea-42d2-991d-dd74192b8c50 to remote] DEBUG org.apache.http.impl.execchain.MainClientExec - Target auth state: UNCHALLENGED
22:39:18.390 [Forwarding get on session 64dcef4b-2eea-42d2-991d-dd74192b8c50 to remote] DEBUG org.apache.http.impl.execchain.MainClientExec - Proxy auth state: UNCHALLENGED
22:39:18.390 [Forwarding get on session 64dcef4b-2eea-42d2-991d-dd74192b8c50 to remote] DEBUG org.apache.http.headers - http-outgoing-1 >> POST /hub/session/64dcef4b-2eea-42d2-991d-dd74192b8c50/url HTTP/1.1
22:39:18.390 [Forwarding get on session 64dcef4b-2eea-42d2-991d-dd74192b8c50 to remote] DEBUG org.apache.http.headers - http-outgoing-1 >> Content-Type: application/json; charset=utf-8
22:39:18.390 [Forwarding get on session 64dcef4b-2eea-42d2-991d-dd74192b8c50 to remote] DEBUG org.apache.http.headers - http-outgoing-1 >> Content-Length: 39
22:39:18.390 [Forwarding get on session 64dcef4b-2eea-42d2-991d-dd74192b8c50 to remote] DEBUG org.apache.http.headers - http-outgoing-1 >> Host: localhost:7055
22:39:18.390 [Forwarding get on session 64dcef4b-2eea-42d2-991d-dd74192b8c50 to remote] DEBUG org.apache.http.headers - http-outgoing-1 >> Connection: Keep-Alive
22:39:18.390 [Forwarding get on session 64dcef4b-2eea-42d2-991d-dd74192b8c50 to remote] DEBUG org.apache.http.headers - http-outgoing-1 >> User-Agent: Apache-HttpClient/4.5.2 (Java/1.7.0_80)
22:39:18.390 [Forwarding get on session 64dcef4b-2eea-42d2-991d-dd74192b8c50 to remote] DEBUG org.apache.http.headers - http-outgoing-1 >> Accept-Encoding: gzip,deflate
22:39:18.390 [Forwarding get on session 64dcef4b-2eea-42d2-991d-dd74192b8c50 to remote] DEBUG org.apache.http.wire - http-outgoing-1 >> "POST /hub/session/64dcef4b-2eea-42d2-991d-dd74192b8c50/url HTTP/1.1[\r][\n]"
22:39:18.390 [Forwarding get on session 64dcef4b-2eea-42d2-991d-dd74192b8c50 to remote] DEBUG org.apache.http.wire - http-outgoing-1 >> "Content-Type: application/json; charset=utf-8[\r][\n]"
22:39:18.390 [Forwarding get on session 64dcef4b-2eea-42d2-991d-dd74192b8c50 to remote] DEBUG org.apache.http.wire - http-outgoing-1 >> "Content-Length: 39[\r][\n]"
22:39:18.390 [Forwarding get on session 64dcef4b-2eea-42d2-991d-dd74192b8c50 to remote] DEBUG org.apache.http.wire - http-outgoing-1 >> "Host: localhost:7055[\r][\n]"
22:39:18.390 [Forwarding get on session 64dcef4b-2eea-42d2-991d-dd74192b8c50 to remote] DEBUG org.apache.http.wire - http-outgoing-1 >> "Connection: Keep-Alive[\r][\n]"
22:39:18.390 [Forwarding get on session 64dcef4b-2eea-42d2-991d-dd74192b8c50 to remote] DEBUG org.apache.http.wire - http-outgoing-1 >> "User-Agent: Apache-HttpClient/4.5.2 (Java/1.7.0_80)[\r][\n]"
22:39:18.390 [Forwarding get on session 64dcef4b-2eea-42d2-991d-dd74192b8c50 to remote] DEBUG org.apache.http.wire - http-outgoing-1 >> "Accept-Encoding: gzip,deflate[\r][\n]"
22:39:18.390 [Forwarding get on session 64dcef4b-2eea-42d2-991d-dd74192b8c50 to remote] DEBUG org.apache.http.wire - http-outgoing-1 >> "[\r][\n]"
22:39:18.390 [Forwarding get on session 64dcef4b-2eea-42d2-991d-dd74192b8c50 to remote] DEBUG org.apache.http.wire - http-outgoing-1 >> "{"url":"http://localhost:8080/tri-web"}"
22:39:18.671 [Forwarding get on session 64dcef4b-2eea-42d2-991d-dd74192b8c50 to remote] DEBUG org.apache.http.wire - http-outgoing-1 << "HTTP/1.1 200 OK[\r][\n]"
22:39:18.671 [Forwarding get on session 64dcef4b-2eea-42d2-991d-dd74192b8c50 to remote] DEBUG org.apache.http.wire - http-outgoing-1 << "content-type: application/json; charset=UTF-8[\r][\n]"
22:39:18.671 [Forwarding get on session 64dcef4b-2eea-42d2-991d-dd74192b8c50 to remote] DEBUG org.apache.http.wire - http-outgoing-1 << "connection: close[\r][\n]"
22:39:18.671 [Forwarding get on session 64dcef4b-2eea-42d2-991d-dd74192b8c50 to remote] DEBUG org.apache.http.wire - http-outgoing-1 << "content-length: 87[\r][\n]"
22:39:18.671 [Forwarding get on session 64dcef4b-2eea-42d2-991d-dd74192b8c50 to remote] DEBUG org.apache.http.wire - http-outgoing-1 << "server: httpd.js[\r][\n]"
22:39:18.671 [Forwarding get on session 64dcef4b-2eea-42d2-991d-dd74192b8c50 to remote] DEBUG org.apache.http.wire - http-outgoing-1 << "date: Tue, 07 Mar 2017 15:39:18 GMT[\r][\n]"
22:39:18.671 [Forwarding get on session 64dcef4b-2eea-42d2-991d-dd74192b8c50 to remote] DEBUG org.apache.http.wire - http-outgoing-1 << "[\r][\n]"
22:39:18.671 [Forwarding get on session 64dcef4b-2eea-42d2-991d-dd74192b8c50 to remote] DEBUG org.apache.http.headers - http-outgoing-1 << HTTP/1.1 200 OK
22:39:18.671 [Forwarding get on session 64dcef4b-2eea-42d2-991d-dd74192b8c50 to remote] DEBUG org.apache.http.headers - http-outgoing-1 << content-type: application/json; charset=UTF-8
22:39:18.671 [Forwarding get on session 64dcef4b-2eea-42d2-991d-dd74192b8c50 to remote] DEBUG org.apache.http.headers - http-outgoing-1 << connection: close
22:39:18.671 [Forwarding get on session 64dcef4b-2eea-42d2-991d-dd74192b8c50 to remote] DEBUG org.apache.http.headers - http-outgoing-1 << content-length: 87
22:39:18.671 [Forwarding get on session 64dcef4b-2eea-42d2-991d-dd74192b8c50 to remote] DEBUG org.apache.http.headers - http-outgoing-1 << server: httpd.js
22:39:18.671 [Forwarding get on session 64dcef4b-2eea-42d2-991d-dd74192b8c50 to remote] DEBUG org.apache.http.headers - http-outgoing-1 << date: Tue, 07 Mar 2017 15:39:18 GMT
22:39:18.671 [Forwarding get on session 64dcef4b-2eea-42d2-991d-dd74192b8c50 to remote] DEBUG org.apache.http.wire - http-outgoing-1 << "{"name":"get","sessionId":"64dcef4b-2eea-42d2-991d-dd74192b8c50","status":0,"value":""}"
22:39:18.671 [Forwarding get on session 64dcef4b-2eea-42d2-991d-dd74192b8c50 to remote] DEBUG org.apache.http.impl.conn.DefaultManagedHttpClientConnection - http-outgoing-1: Close connection
22:39:18.671 [Forwarding get on session 64dcef4b-2eea-42d2-991d-dd74192b8c50 to remote] DEBUG org.apache.http.impl.execchain.MainClientExec - Connection discarded
22:39:18.671 [Forwarding get on session 64dcef4b-2eea-42d2-991d-dd74192b8c50 to remote] DEBUG org.apache.http.impl.conn.PoolingHttpClientConnectionManager - Connection released: [id: 1][route: {}->http://localhost:7055][total kept alive: 0; route allocated: 0 of 2000; total allocated: 0 of 2000]
22:39:18.703 [Forwarding findElement on session 64dcef4b-2eea-42d2-991d-dd74192b8c50 to remote] DEBUG org.apache.http.client.protocol.RequestAddCookies - CookieSpec selected: default
22:39:18.703 [Forwarding findElement on session 64dcef4b-2eea-42d2-991d-dd74192b8c50 to remote] DEBUG org.apache.http.client.protocol.RequestAuthCache - Auth cache not set in the context
22:39:18.703 [Forwarding findElement on session 64dcef4b-2eea-42d2-991d-dd74192b8c50 to remote] DEBUG org.apache.http.impl.conn.PoolingHttpClientConnectionManager - Connection request: [route: {}->http://localhost:7055][total kept alive: 0; route allocated: 0 of 2000; total allocated: 0 of 2000]
22:39:18.703 [Forwarding findElement on session 64dcef4b-2eea-42d2-991d-dd74192b8c50 to remote] DEBUG org.apache.http.impl.conn.PoolingHttpClientConnectionManager - Connection leased: [id: 2][route: {}->http://localhost:7055][total kept alive: 0; route allocated: 1 of 2000; total allocated: 1 of 2000]
22:39:18.703 [Forwarding findElement on session 64dcef4b-2eea-42d2-991d-dd74192b8c50 to remote] DEBUG org.apache.http.impl.execchain.MainClientExec - Opening connection {}->http://localhost:7055
22:39:18.703 [Forwarding findElement on session 64dcef4b-2eea-42d2-991d-dd74192b8c50 to remote] DEBUG org.apache.http.impl.conn.DefaultHttpClientConnectionOperator - Connecting to localhost/127.0.0.1:7055
22:39:18.703 [Forwarding findElement on session 64dcef4b-2eea-42d2-991d-dd74192b8c50 to remote] DEBUG org.apache.http.impl.conn.DefaultHttpClientConnectionOperator - Connection established 127.0.0.1:1297<->127.0.0.1:7055
22:39:18.703 [Forwarding findElement on session 64dcef4b-2eea-42d2-991d-dd74192b8c50 to remote] DEBUG org.apache.http.impl.conn.DefaultManagedHttpClientConnection - http-outgoing-2: set socket timeout to 10800000
22:39:18.703 [Forwarding findElement on session 64dcef4b-2eea-42d2-991d-dd74192b8c50 to remote] DEBUG org.apache.http.impl.execchain.MainClientExec - Executing request POST /hub/session/64dcef4b-2eea-42d2-991d-dd74192b8c50/element HTTP/1.1
22:39:18.703 [Forwarding findElement on session 64dcef4b-2eea-42d2-991d-dd74192b8c50 to remote] DEBUG org.apache.http.impl.execchain.MainClientExec - Target auth state: UNCHALLENGED
22:39:18.703 [Forwarding findElement on session 64dcef4b-2eea-42d2-991d-dd74192b8c50 to remote] DEBUG org.apache.http.impl.execchain.MainClientExec - Proxy auth state: UNCHALLENGED
22:39:18.703 [Forwarding findElement on session 64dcef4b-2eea-42d2-991d-dd74192b8c50 to remote] DEBUG org.apache.http.headers - http-outgoing-2 >> POST /hub/session/64dcef4b-2eea-42d2-991d-dd74192b8c50/element HTTP/1.1
22:39:18.703 [Forwarding findElement on session 64dcef4b-2eea-42d2-991d-dd74192b8c50 to remote] DEBUG org.apache.http.headers - http-outgoing-2 >> Content-Type: application/json; charset=utf-8
22:39:18.703 [Forwarding findElement on session 64dcef4b-2eea-42d2-991d-dd74192b8c50 to remote] DEBUG org.apache.http.headers - http-outgoing-2 >> Content-Length: 30
22:39:18.703 [Forwarding findElement on session 64dcef4b-2eea-42d2-991d-dd74192b8c50 to remote] DEBUG org.apache.http.headers - http-outgoing-2 >> Host: localhost:7055
22:39:18.703 [Forwarding findElement on session 64dcef4b-2eea-42d2-991d-dd74192b8c50 to remote] DEBUG org.apache.http.headers - http-outgoing-2 >> Connection: Keep-Alive
22:39:18.703 [Forwarding findElement on session 64dcef4b-2eea-42d2-991d-dd74192b8c50 to remote] DEBUG org.apache.http.headers - http-outgoing-2 >> User-Agent: Apache-HttpClient/4.5.2 (Java/1.7.0_80)
22:39:18.703 [Forwarding findElement on session 64dcef4b-2eea-42d2-991d-dd74192b8c50 to remote] DEBUG org.apache.http.headers - http-outgoing-2 >> Accept-Encoding: gzip,deflate
22:39:18.703 [Forwarding findElement on session 64dcef4b-2eea-42d2-991d-dd74192b8c50 to remote] DEBUG org.apache.http.wire - http-outgoing-2 >> "POST /hub/session/64dcef4b-2eea-42d2-991d-dd74192b8c50/element HTTP/1.1[\r][\n]"
22:39:18.703 [Forwarding findElement on session 64dcef4b-2eea-42d2-991d-dd74192b8c50 to remote] DEBUG org.apache.http.wire - http-outgoing-2 >> "Content-Type: application/json; charset=utf-8[\r][\n]"
22:39:18.703 [Forwarding findElement on session 64dcef4b-2eea-42d2-991d-dd74192b8c50 to remote] DEBUG org.apache.http.wire - http-outgoing-2 >> "Content-Length: 30[\r][\n]"
22:39:18.703 [Forwarding findElement on session 64dcef4b-2eea-42d2-991d-dd74192b8c50 to remote] DEBUG org.apache.http.wire - http-outgoing-2 >> "Host: localhost:7055[\r][\n]"
22:39:18.703 [Forwarding findElement on session 64dcef4b-2eea-42d2-991d-dd74192b8c50 to remote] DEBUG org.apache.http.wire - http-outgoing-2 >> "Connection: Keep-Alive[\r][\n]"
22:39:18.703 [Forwarding findElement on session 64dcef4b-2eea-42d2-991d-dd74192b8c50 to remote] DEBUG org.apache.http.wire - http-outgoing-2 >> "User-Agent: Apache-HttpClient/4.5.2 (Java/1.7.0_80)[\r][\n]"
22:39:18.703 [Forwarding findElement on session 64dcef4b-2eea-42d2-991d-dd74192b8c50 to remote] DEBUG org.apache.http.wire - http-outgoing-2 >> "Accept-Encoding: gzip,deflate[\r][\n]"
22:39:18.703 [Forwarding findElement on session 64dcef4b-2eea-42d2-991d-dd74192b8c50 to remote] DEBUG org.apache.http.wire - http-outgoing-2 >> "[\r][\n]"
22:39:18.703 [Forwarding findElement on session 64dcef4b-2eea-42d2-991d-dd74192b8c50 to remote] DEBUG org.apache.http.wire - http-outgoing-2 >> "{"using":"id","value":"title"}"
22:39:18.703 [Forwarding findElement on session 64dcef4b-2eea-42d2-991d-dd74192b8c50 to remote] DEBUG org.apache.http.wire - http-outgoing-2 << "HTTP/1.1 500 Internal Server Error[\r][\n]"
22:39:18.703 [Forwarding findElement on session 64dcef4b-2eea-42d2-991d-dd74192b8c50 to remote] DEBUG org.apache.http.wire - http-outgoing-2 << "content-type: application/json; charset=UTF-8[\r][\n]"
22:39:18.703 [Forwarding findElement on session 64dcef4b-2eea-42d2-991d-dd74192b8c50 to remote] DEBUG org.apache.http.wire - http-outgoing-2 << "connection: close[\r][\n]"
22:39:18.703 [Forwarding findElement on session 64dcef4b-2eea-42d2-991d-dd74192b8c50 to remote] DEBUG org.apache.http.wire - http-outgoing-2 << "content-length: 1488[\r][\n]"
22:39:18.703 [Forwarding findElement on session 64dcef4b-2eea-42d2-991d-dd74192b8c50 to remote] DEBUG org.apache.http.wire - http-outgoing-2 << "server: httpd.js[\r][\n]"
22:39:18.703 [Forwarding findElement on session 64dcef4b-2eea-42d2-991d-dd74192b8c50 to remote] DEBUG org.apache.http.wire - http-outgoing-2 << "date: Tue, 07 Mar 2017 15:39:18 GMT[\r][\n]"
22:39:18.703 [Forwarding findElement on session 64dcef4b-2eea-42d2-991d-dd74192b8c50 to remote] DEBUG org.apache.http.wire - http-outgoing-2 << "[\r][\n]"
22:39:18.703 [Forwarding findElement on session 64dcef4b-2eea-42d2-991d-dd74192b8c50 to remote] DEBUG org.apache.http.headers - http-outgoing-2 << HTTP/1.1 500 Internal Server Error
22:39:18.703 [Forwarding findElement on session 64dcef4b-2eea-42d2-991d-dd74192b8c50 to remote] DEBUG org.apache.http.headers - http-outgoing-2 << content-type: application/json; charset=UTF-8
22:39:18.703 [Forwarding findElement on session 64dcef4b-2eea-42d2-991d-dd74192b8c50 to remote] DEBUG org.apache.http.headers - http-outgoing-2 << connection: close
22:39:18.703 [Forwarding findElement on session 64dcef4b-2eea-42d2-991d-dd74192b8c50 to remote] DEBUG org.apache.http.headers - http-outgoing-2 << content-length: 1488
22:39:18.703 [Forwarding findElement on session 64dcef4b-2eea-42d2-991d-dd74192b8c50 to remote] DEBUG org.apache.http.headers - http-outgoing-2 << server: httpd.js
22:39:18.703 [Forwarding findElement on session 64dcef4b-2eea-42d2-991d-dd74192b8c50 to remote] DEBUG org.apache.http.headers - http-outgoing-2 << date: Tue, 07 Mar 2017 15:39:18 GMT
22:39:18.703 [Forwarding findElement on session 64dcef4b-2eea-42d2-991d-dd74192b8c50 to remote] DEBUG org.apache.http.wire - http-outgoing-2 << "{"name":"findElement","sessionId":"64dcef4b-2eea-42d2-991d-dd74192b8c50","status":7,"value":{"message":"Unable to locate element: {\"method\":\"id\",\"selector\":\"title\"}","stackTrace":[{"methodName":"FirefoxDriver.prototype.findElementInternal_","fileName":"file:///C:/DOCUME~1/choel/LOCALS~1/Temp/anonymous7919856150397883789webdriver-profile/extensions/fxdriver@googlecode.com/components/driver-component.js","lineNumber":10299,"columnNumber":133},{"methodName":"FirefoxDriver.prototype.findElement","fileName":"file:///C:/DOCUME~1/choel/LOCALS~1/Temp/anonymous7919856150397883789webdriver-profile/extensions/fxdriver@googlecode.com/components/driver-component.js","lineNumber":10308,"columnNumber":3},{"methodName":"DelayedCommand.prototype.executeInternal_/h","fileName":"file:///C:/DOCUME~1/choel/LOCALS~1/Temp/anonymous7919856150397883789webdriver-profile/extensions/fxdriver@googlecode.com/components/command-processor.js","lineNumber":12282,"columnNumber":16},{"methodName":"DelayedCommand.prototype.executeInternal_","fileName":"file:///C:/DOCUME~1/choel/LOCALS~1/Temp/anonymous7919856150397883789webdriver-profile/extensions/fxdriver@googlecode.com/components/command-processor.js","lineNumber":12287,"columnNumber":7},{"methodName":"DelayedCommand.prototype.execute/<","fileName":"file:///C:/DOCUME~1/choel/LOCALS~1/Temp/anonymous7919856150397883789webdriver-profile/extensions/fxdriver@googlecode.com/components/command-processor.js","lineNumber":12229,"columnNumber":5}]}}"
22:39:18.703 [Forwarding findElement on session 64dcef4b-2eea-42d2-991d-dd74192b8c50 to remote] DEBUG org.apache.http.impl.conn.DefaultManagedHttpClientConnection - http-outgoing-2: Close connection
22:39:18.703 [Forwarding findElement on session 64dcef4b-2eea-42d2-991d-dd74192b8c50 to remote] DEBUG org.apache.http.impl.execchain.MainClientExec - Connection discarded
22:39:18.703 [Forwarding findElement on session 64dcef4b-2eea-42d2-991d-dd74192b8c50 to remote] DEBUG org.apache.http.impl.conn.PoolingHttpClientConnectionManager - Connection released: [id: 2][route: {}->http://localhost:7055][total kept alive: 0; route allocated: 0 of 2000; total allocated: 0 of 2000]
22:39:18.718 [Forwarding quit on session 64dcef4b-2eea-42d2-991d-dd74192b8c50 to remote] DEBUG org.apache.http.client.protocol.RequestAddCookies - CookieSpec selected: default
22:39:18.718 [Forwarding quit on session 64dcef4b-2eea-42d2-991d-dd74192b8c50 to remote] DEBUG org.apache.http.client.protocol.RequestAuthCache - Auth cache not set in the context
22:39:18.718 [Forwarding quit on session 64dcef4b-2eea-42d2-991d-dd74192b8c50 to remote] DEBUG org.apache.http.impl.conn.PoolingHttpClientConnectionManager - Connection request: [route: {}->http://localhost:7055][total kept alive: 0; route allocated: 0 of 2000; total allocated: 0 of 2000]
22:39:18.718 [Forwarding quit on session 64dcef4b-2eea-42d2-991d-dd74192b8c50 to remote] DEBUG org.apache.http.impl.conn.PoolingHttpClientConnectionManager - Connection leased: [id: 3][route: {}->http://localhost:7055][total kept alive: 0; route allocated: 1 of 2000; total allocated: 1 of 2000]
22:39:18.718 [Forwarding quit on session 64dcef4b-2eea-42d2-991d-dd74192b8c50 to remote] DEBUG org.apache.http.impl.execchain.MainClientExec - Opening connection {}->http://localhost:7055
22:39:18.718 [Forwarding quit on session 64dcef4b-2eea-42d2-991d-dd74192b8c50 to remote] DEBUG org.apache.http.impl.conn.DefaultHttpClientConnectionOperator - Connecting to localhost/127.0.0.1:7055
22:39:18.734 [Forwarding quit on session 64dcef4b-2eea-42d2-991d-dd74192b8c50 to remote] DEBUG org.apache.http.impl.conn.DefaultHttpClientConnectionOperator - Connection established 127.0.0.1:1298<->127.0.0.1:7055
22:39:18.734 [Forwarding quit on session 64dcef4b-2eea-42d2-991d-dd74192b8c50 to remote] DEBUG org.apache.http.impl.conn.DefaultManagedHttpClientConnection - http-outgoing-3: set socket timeout to 10800000
22:39:18.734 [Forwarding quit on session 64dcef4b-2eea-42d2-991d-dd74192b8c50 to remote] DEBUG org.apache.http.impl.execchain.MainClientExec - Executing request DELETE /hub/session/64dcef4b-2eea-42d2-991d-dd74192b8c50 HTTP/1.1
22:39:18.734 [Forwarding quit on session 64dcef4b-2eea-42d2-991d-dd74192b8c50 to remote] DEBUG org.apache.http.impl.execchain.MainClientExec - Target auth state: UNCHALLENGED
22:39:18.734 [Forwarding quit on session 64dcef4b-2eea-42d2-991d-dd74192b8c50 to remote] DEBUG org.apache.http.impl.execchain.MainClientExec - Proxy auth state: UNCHALLENGED
22:39:18.734 [Forwarding quit on session 64dcef4b-2eea-42d2-991d-dd74192b8c50 to remote] DEBUG org.apache.http.headers - http-outgoing-3 >> DELETE /hub/session/64dcef4b-2eea-42d2-991d-dd74192b8c50 HTTP/1.1
22:39:18.734 [Forwarding quit on session 64dcef4b-2eea-42d2-991d-dd74192b8c50 to remote] DEBUG org.apache.http.headers - http-outgoing-3 >> Host: localhost:7055
22:39:18.734 [Forwarding quit on session 64dcef4b-2eea-42d2-991d-dd74192b8c50 to remote] DEBUG org.apache.http.headers - http-outgoing-3 >> Connection: Keep-Alive
22:39:18.734 [Forwarding quit on session 64dcef4b-2eea-42d2-991d-dd74192b8c50 to remote] DEBUG org.apache.http.headers - http-outgoing-3 >> User-Agent: Apache-HttpClient/4.5.2 (Java/1.7.0_80)
22:39:18.734 [Forwarding quit on session 64dcef4b-2eea-42d2-991d-dd74192b8c50 to remote] DEBUG org.apache.http.headers - http-outgoing-3 >> Accept-Encoding: gzip,deflate
22:39:18.734 [Forwarding quit on session 64dcef4b-2eea-42d2-991d-dd74192b8c50 to remote] DEBUG org.apache.http.wire - http-outgoing-3 >> "DELETE /hub/session/64dcef4b-2eea-42d2-991d-dd74192b8c50 HTTP/1.1[\r][\n]"
22:39:18.734 [Forwarding quit on session 64dcef4b-2eea-42d2-991d-dd74192b8c50 to remote] DEBUG org.apache.http.wire - http-outgoing-3 >> "Host: localhost:7055[\r][\n]"
22:39:18.734 [Forwarding quit on session 64dcef4b-2eea-42d2-991d-dd74192b8c50 to remote] DEBUG org.apache.http.wire - http-outgoing-3 >> "Connection: Keep-Alive[\r][\n]"
22:39:18.734 [Forwarding quit on session 64dcef4b-2eea-42d2-991d-dd74192b8c50 to remote] DEBUG org.apache.http.wire - http-outgoing-3 >> "User-Agent: Apache-HttpClient/4.5.2 (Java/1.7.0_80)[\r][\n]"
22:39:18.734 [Forwarding quit on session 64dcef4b-2eea-42d2-991d-dd74192b8c50 to remote] DEBUG org.apache.http.wire - http-outgoing-3 >> "Accept-Encoding: gzip,deflate[\r][\n]"
22:39:18.734 [Forwarding quit on session 64dcef4b-2eea-42d2-991d-dd74192b8c50 to remote] DEBUG org.apache.http.wire - http-outgoing-3 >> "[\r][\n]"
22:39:18.734 [Forwarding quit on session 64dcef4b-2eea-42d2-991d-dd74192b8c50 to remote] DEBUG org.apache.http.wire - http-outgoing-3 << "HTTP/1.1 200 OK[\r][\n]"
22:39:18.734 [Forwarding quit on session 64dcef4b-2eea-42d2-991d-dd74192b8c50 to remote] DEBUG org.apache.http.wire - http-outgoing-3 << "content-type: application/json; charset=UTF-8[\r][\n]"
22:39:18.734 [Forwarding quit on session 64dcef4b-2eea-42d2-991d-dd74192b8c50 to remote] DEBUG org.apache.http.wire - http-outgoing-3 << "connection: close[\r][\n]"
22:39:18.734 [Forwarding quit on session 64dcef4b-2eea-42d2-991d-dd74192b8c50 to remote] DEBUG org.apache.http.wire - http-outgoing-3 << "content-length: 88[\r][\n]"
22:39:18.734 [Forwarding quit on session 64dcef4b-2eea-42d2-991d-dd74192b8c50 to remote] DEBUG org.apache.http.wire - http-outgoing-3 << "server: httpd.js[\r][\n]"
22:39:18.734 [Forwarding quit on session 64dcef4b-2eea-42d2-991d-dd74192b8c50 to remote] DEBUG org.apache.http.wire - http-outgoing-3 << "date: Tue, 07 Mar 2017 15:39:18 GMT[\r][\n]"
22:39:18.734 [Forwarding quit on session 64dcef4b-2eea-42d2-991d-dd74192b8c50 to remote] DEBUG org.apache.http.wire - http-outgoing-3 << "[\r][\n]"
22:39:18.734 [Forwarding quit on session 64dcef4b-2eea-42d2-991d-dd74192b8c50 to remote] DEBUG org.apache.http.wire - http-outgoing-3 << "{"name":"quit","sessionId":"64dcef4b-2eea-42d2-991d-dd74192b8c50","status":0,"value":""}"
22:39:18.734 [Forwarding quit on session 64dcef4b-2eea-42d2-991d-dd74192b8c50 to remote] DEBUG org.apache.http.headers - http-outgoing-3 << HTTP/1.1 200 OK
22:39:18.734 [Forwarding quit on session 64dcef4b-2eea-42d2-991d-dd74192b8c50 to remote] DEBUG org.apache.http.headers - http-outgoing-3 << content-type: application/json; charset=UTF-8
22:39:18.734 [Forwarding quit on session 64dcef4b-2eea-42d2-991d-dd74192b8c50 to remote] DEBUG org.apache.http.headers - http-outgoing-3 << connection: close
22:39:18.734 [Forwarding quit on session 64dcef4b-2eea-42d2-991d-dd74192b8c50 to remote] DEBUG org.apache.http.headers - http-outgoing-3 << content-length: 88
22:39:18.734 [Forwarding quit on session 64dcef4b-2eea-42d2-991d-dd74192b8c50 to remote] DEBUG org.apache.http.headers - http-outgoing-3 << server: httpd.js
22:39:18.734 [Forwarding quit on session 64dcef4b-2eea-42d2-991d-dd74192b8c50 to remote] DEBUG org.apache.http.headers - http-outgoing-3 << date: Tue, 07 Mar 2017 15:39:18 GMT
22:39:18.734 [Forwarding quit on session 64dcef4b-2eea-42d2-991d-dd74192b8c50 to remote] DEBUG org.apache.http.impl.conn.DefaultManagedHttpClientConnection - http-outgoing-3: Close connection
22:39:18.734 [Forwarding quit on session 64dcef4b-2eea-42d2-991d-dd74192b8c50 to remote] DEBUG org.apache.http.impl.execchain.MainClientExec - Connection discarded
22:39:18.734 [Forwarding quit on session 64dcef4b-2eea-42d2-991d-dd74192b8c50 to remote] DEBUG org.apache.http.impl.conn.PoolingHttpClientConnectionManager - Connection released: [id: 3][route: {}->http://localhost:7055][total kept alive: 0; route allocated: 0 of 2000; total allocated: 0 of 2000]
22:39:19.718 [main] DEBUG org.springframework.test.context.support.AbstractDirtiesContextTestExecutionListener - After test method: context [DefaultTestContext@12f8578 testClass = HelloIT, testInstance = com.tri.selenium.welcome.HelloIT@142022d, testMethod = testHelloWorld@HelloIT, testException = org.openqa.selenium.NoSuchElementException: Unable to locate element: {"method":"id","selector":"title"}
Command duration or timeout: 15 milliseconds
For documentation on this error, please visit: http://seleniumhq.org/exceptions/no_such_element.html
Build info: version: '2.46.0', revision: '61506a4624b13675f24581e453592342b7485d71', time: '2015-06-04 10:22:50'
System info: host: 'CHOEL-SYSTEM', ip: '192.168.0.101', os.name: 'Windows XP', os.arch: 'x86', os.version: '5.1', java.version: '1.7.0_80'
*** Element info: {Using=id, value=title}
Session ID: 64dcef4b-2eea-42d2-991d-dd74192b8c50
Driver info: org.openqa.selenium.firefox.FirefoxDriver
Capabilities [{platform=WINDOWS, acceptSslCerts=true, javascriptEnabled=true, cssSelectorsEnabled=true, databaseEnabled=true, browserName=firefox, handlesAlerts=true, nativeEvents=true, webStorageEnabled=true, rotatable=false, locationContextEnabled=true, applicationCacheEnabled=true, takesScreenshot=true, version=31.0}], mergedContextConfiguration = [MergedContextConfiguration@e39218 testClass = HelloIT, locations = '{classpath:META-INF/spring/seleniumContext.xml}', classes = '{}', contextInitializerClasses = '[]', activeProfiles = '{}', propertySourceLocations = '{}', propertySourceProperties = '{}', contextLoader = 'org.springframework.test.context.support.DelegatingSmartContextLoader', parent = [null]]], class annotated with @DirtiesContext [false] with mode [null], method annotated with @DirtiesContext [false] with mode [null].
]]></system-out>
    <system-err><![CDATA[Mar 07, 2017 10:39:18 PM org.openqa.selenium.os.UnixProcess$SeleniumWatchDog destroyHarder
INFO: Command failed to close cleanly. Destroying forcefully (v2). org.openqa.selenium.os.UnixProcess$SeleniumWatchDog@11ff5bc
]]></system-err>
  </testcase>
</testsuite>